<?xml version="1.0" encoding="UTF-8"?>
<!-- Generated by org.testng.reporters.JUnitReportReporter -->
<testsuite hostname="DESKTOP-3S1OJIH" name="appium.mobile.NewTest" tests="1" failures="0" timestamp="10 Jan 2016 00:54:26 GMT" time="301.286" errors="0">
  <testcase name="variantName" time="301.286" classname="appium.mobile.NewTest"/>
</testsuite> <!-- appium.mobile.NewTest -->
