<?xml version="1.0" encoding="UTF-8"?>
<!-- Generated by org.testng.reporters.JUnitReportReporter -->
<testsuite hostname="DESKTOP-3S1OJIH" name="appium.mobile.AllProducts" tests="1" failures="0" timestamp="11 Jan 2016 12:17:04 GMT" time="730.640" errors="0">
  <testcase name="variantName" time="730.640" classname="appium.mobile.AllProducts"/>
</testsuite> <!-- appium.mobile.AllProducts -->
